C:\Development\Orest\TimeTracker\TimeTracker\js\out-tsc\app\app.component.js
C:\Development\Orest\TimeTracker\TimeTracker\js\out-tsc\app\app.component.js.map
C:\Development\Orest\TimeTracker\TimeTracker\js\out-tsc\app\app.module.js
C:\Development\Orest\TimeTracker\TimeTracker\js\out-tsc\app\app.module.js.map
C:\Development\Orest\TimeTracker\TimeTracker\js\out-tsc\environments\environment.js
C:\Development\Orest\TimeTracker\TimeTracker\js\out-tsc\environments\environment.js.map
C:\Development\Orest\TimeTracker\TimeTracker\js\out-tsc\main.js
C:\Development\Orest\TimeTracker\TimeTracker\js\out-tsc\main.js.map
C:\Development\Orest\TimeTracker\TimeTracker\js\out-tsc\polyfills.js
C:\Development\Orest\TimeTracker\TimeTracker\js\out-tsc\polyfills.js.map
C:\Development\Orest\TimeTracker\TimeTracker\js\out-tsc\environments\environment.prod.js
C:\Development\Orest\TimeTracker\TimeTracker\js\out-tsc\environments\environment.prod.js.map
C:\Development\Orest\TimeTracker\TimeTracker\js\out-tsc\app\app.component.js
C:\Development\Orest\TimeTracker\TimeTracker\js\out-tsc\app\app.component.js.map
C:\Development\Orest\TimeTracker\TimeTracker\js\out-tsc\app\app.module.js
C:\Development\Orest\TimeTracker\TimeTracker\js\out-tsc\app\app.module.js.map
C:\Development\Orest\TimeTracker\TimeTracker\js\out-tsc\environments\environment.js
C:\Development\Orest\TimeTracker\TimeTracker\js\out-tsc\environments\environment.js.map
C:\Development\Orest\TimeTracker\TimeTracker\js\out-tsc\main.js
C:\Development\Orest\TimeTracker\TimeTracker\js\out-tsc\main.js.map
C:\Development\Orest\TimeTracker\TimeTracker\js\out-tsc\polyfills.js
C:\Development\Orest\TimeTracker\TimeTracker\js\out-tsc\polyfills.js.map
C:\Development\Orest\TimeTracker\TimeTracker\js\out-tsc\environments\environment.prod.js
C:\Development\Orest\TimeTracker\TimeTracker\js\out-tsc\environments\environment.prod.js.map
C:\Development\Orest\TimeTracker\TimeTracker\js\out-tsc\app\app.component.js
C:\Development\Orest\TimeTracker\TimeTracker\js\out-tsc\app\app.component.js.map
C:\Development\Orest\TimeTracker\TimeTracker\js\out-tsc\app\app.module.js
C:\Development\Orest\TimeTracker\TimeTracker\js\out-tsc\app\app.module.js.map
C:\Development\Orest\TimeTracker\TimeTracker\js\out-tsc\environments\environment.js
C:\Development\Orest\TimeTracker\TimeTracker\js\out-tsc\environments\environment.js.map
C:\Development\Orest\TimeTracker\TimeTracker\js\out-tsc\main.js
C:\Development\Orest\TimeTracker\TimeTracker\js\out-tsc\main.js.map
C:\Development\Orest\TimeTracker\TimeTracker\js\out-tsc\polyfills.js
C:\Development\Orest\TimeTracker\TimeTracker\js\out-tsc\polyfills.js.map
C:\Development\Orest\TimeTracker\TimeTracker\js\out-tsc\environments\environment.prod.js
C:\Development\Orest\TimeTracker\TimeTracker\js\out-tsc\environments\environment.prod.js.map
C:\Development\Orest\TimeTracker\TimeTracker\js\out-tsc\app\app.component.js
C:\Development\Orest\TimeTracker\TimeTracker\js\out-tsc\app\app.component.js.map
C:\Development\Orest\TimeTracker\TimeTracker\js\out-tsc\app\app.module.js
C:\Development\Orest\TimeTracker\TimeTracker\js\out-tsc\app\app.module.js.map
C:\Development\Orest\TimeTracker\TimeTracker\js\out-tsc\environments\environment.js
C:\Development\Orest\TimeTracker\TimeTracker\js\out-tsc\environments\environment.js.map
C:\Development\Orest\TimeTracker\TimeTracker\js\out-tsc\main.js
C:\Development\Orest\TimeTracker\TimeTracker\js\out-tsc\main.js.map
C:\Development\Orest\TimeTracker\TimeTracker\js\out-tsc\polyfills.js
C:\Development\Orest\TimeTracker\TimeTracker\js\out-tsc\polyfills.js.map
C:\Development\Orest\TimeTracker\TimeTracker\js\out-tsc\environments\environment.prod.js
C:\Development\Orest\TimeTracker\TimeTracker\js\out-tsc\environments\environment.prod.js.map
C:\Development\Orest\TimeTracker\TimeTracker\js\out-tsc\app\app.component.js
C:\Development\Orest\TimeTracker\TimeTracker\js\out-tsc\app\app.component.js.map
C:\Development\Orest\TimeTracker\TimeTracker\js\out-tsc\app\app.module.js
C:\Development\Orest\TimeTracker\TimeTracker\js\out-tsc\app\app.module.js.map
C:\Development\Orest\TimeTracker\TimeTracker\js\out-tsc\environments\environment.js
C:\Development\Orest\TimeTracker\TimeTracker\js\out-tsc\environments\environment.js.map
C:\Development\Orest\TimeTracker\TimeTracker\js\out-tsc\main.js
C:\Development\Orest\TimeTracker\TimeTracker\js\out-tsc\main.js.map
C:\Development\Orest\TimeTracker\TimeTracker\js\out-tsc\polyfills.js
C:\Development\Orest\TimeTracker\TimeTracker\js\out-tsc\polyfills.js.map
C:\Development\Orest\TimeTracker\TimeTracker\js\out-tsc\environments\environment.prod.js
C:\Development\Orest\TimeTracker\TimeTracker\js\out-tsc\environments\environment.prod.js.map
C:\Development\Orest\TimeTracker\TimeTracker\js\out-tsc\app\app.component.js
C:\Development\Orest\TimeTracker\TimeTracker\js\out-tsc\app\app.component.js.map
C:\Development\Orest\TimeTracker\TimeTracker\js\out-tsc\app\app.module.js
C:\Development\Orest\TimeTracker\TimeTracker\js\out-tsc\app\app.module.js.map
C:\Development\Orest\TimeTracker\TimeTracker\js\out-tsc\environments\environment.js
C:\Development\Orest\TimeTracker\TimeTracker\js\out-tsc\environments\environment.js.map
C:\Development\Orest\TimeTracker\TimeTracker\js\out-tsc\main.js
C:\Development\Orest\TimeTracker\TimeTracker\js\out-tsc\main.js.map
C:\Development\Orest\TimeTracker\TimeTracker\js\out-tsc\polyfills.js
C:\Development\Orest\TimeTracker\TimeTracker\js\out-tsc\polyfills.js.map
C:\Development\Orest\TimeTracker\TimeTracker\js\out-tsc\environments\environment.prod.js
C:\Development\Orest\TimeTracker\TimeTracker\js\out-tsc\environments\environment.prod.js.map
C:\Development\Orest\TimeTracker\TimeTracker\js\out-tsc\app\app.component.js
C:\Development\Orest\TimeTracker\TimeTracker\js\out-tsc\app\app.component.js.map
C:\Development\Orest\TimeTracker\TimeTracker\js\out-tsc\app\app.module.js
C:\Development\Orest\TimeTracker\TimeTracker\js\out-tsc\app\app.module.js.map
C:\Development\Orest\TimeTracker\TimeTracker\js\out-tsc\environments\environment.js
C:\Development\Orest\TimeTracker\TimeTracker\js\out-tsc\environments\environment.js.map
C:\Development\Orest\TimeTracker\TimeTracker\js\out-tsc\main.js
C:\Development\Orest\TimeTracker\TimeTracker\js\out-tsc\main.js.map
C:\Development\Orest\TimeTracker\TimeTracker\js\out-tsc\polyfills.js
C:\Development\Orest\TimeTracker\TimeTracker\js\out-tsc\polyfills.js.map
C:\Development\Orest\TimeTracker\TimeTracker\js\out-tsc\environments\environment.prod.js
C:\Development\Orest\TimeTracker\TimeTracker\js\out-tsc\environments\environment.prod.js.map
C:\Development\Orest\TimeTracker\TimeTracker\js\out-tsc\app\app.component.js
C:\Development\Orest\TimeTracker\TimeTracker\js\out-tsc\app\app.component.js.map
C:\Development\Orest\TimeTracker\TimeTracker\js\out-tsc\app\app.module.js
C:\Development\Orest\TimeTracker\TimeTracker\js\out-tsc\app\app.module.js.map
C:\Development\Orest\TimeTracker\TimeTracker\js\out-tsc\environments\environment.js
C:\Development\Orest\TimeTracker\TimeTracker\js\out-tsc\environments\environment.js.map
C:\Development\Orest\TimeTracker\TimeTracker\js\out-tsc\main.js
C:\Development\Orest\TimeTracker\TimeTracker\js\out-tsc\main.js.map
C:\Development\Orest\TimeTracker\TimeTracker\js\out-tsc\polyfills.js
C:\Development\Orest\TimeTracker\TimeTracker\js\out-tsc\polyfills.js.map
C:\Development\Orest\TimeTracker\TimeTracker\js\out-tsc\environments\environment.prod.js
C:\Development\Orest\TimeTracker\TimeTracker\js\out-tsc\environments\environment.prod.js.map
C:\Development\Orest\TimeTracker\TimeTracker\js\out-tsc\app\app.component.js
C:\Development\Orest\TimeTracker\TimeTracker\js\out-tsc\app\app.component.js.map
C:\Development\Orest\TimeTracker\TimeTracker\js\out-tsc\app\todo\todoList.component.js
C:\Development\Orest\TimeTracker\TimeTracker\js\out-tsc\app\todo\todoList.component.js.map
C:\Development\Orest\TimeTracker\TimeTracker\js\out-tsc\app\app.module.js
C:\Development\Orest\TimeTracker\TimeTracker\js\out-tsc\app\app.module.js.map
C:\Development\Orest\TimeTracker\TimeTracker\js\out-tsc\environments\environment.js
C:\Development\Orest\TimeTracker\TimeTracker\js\out-tsc\environments\environment.js.map
C:\Development\Orest\TimeTracker\TimeTracker\js\out-tsc\main.js
C:\Development\Orest\TimeTracker\TimeTracker\js\out-tsc\main.js.map
C:\Development\Orest\TimeTracker\TimeTracker\js\out-tsc\polyfills.js
C:\Development\Orest\TimeTracker\TimeTracker\js\out-tsc\polyfills.js.map
C:\Development\Orest\TimeTracker\TimeTracker\js\out-tsc\environments\environment.prod.js
C:\Development\Orest\TimeTracker\TimeTracker\js\out-tsc\environments\environment.prod.js.map
C:\Development\Orest\TimeTracker\TimeTracker\js\out-tsc\app\app.component.js
C:\Development\Orest\TimeTracker\TimeTracker\js\out-tsc\app\app.component.js.map
C:\Development\Orest\TimeTracker\TimeTracker\js\out-tsc\app\todo\todoList.component.js
C:\Development\Orest\TimeTracker\TimeTracker\js\out-tsc\app\todo\todoList.component.js.map
C:\Development\Orest\TimeTracker\TimeTracker\js\out-tsc\app\app.module.js
C:\Development\Orest\TimeTracker\TimeTracker\js\out-tsc\app\app.module.js.map
C:\Development\Orest\TimeTracker\TimeTracker\js\out-tsc\environments\environment.js
C:\Development\Orest\TimeTracker\TimeTracker\js\out-tsc\environments\environment.js.map
C:\Development\Orest\TimeTracker\TimeTracker\js\out-tsc\main.js
C:\Development\Orest\TimeTracker\TimeTracker\js\out-tsc\main.js.map
C:\Development\Orest\TimeTracker\TimeTracker\js\out-tsc\polyfills.js
C:\Development\Orest\TimeTracker\TimeTracker\js\out-tsc\polyfills.js.map
C:\Development\Orest\TimeTracker\TimeTracker\js\out-tsc\environments\environment.prod.js
C:\Development\Orest\TimeTracker\TimeTracker\js\out-tsc\environments\environment.prod.js.map
C:\Development\Orest\TimeTracker\TimeTracker\js\out-tsc\app\app.component.js
C:\Development\Orest\TimeTracker\TimeTracker\js\out-tsc\app\app.component.js.map
C:\Development\Orest\TimeTracker\TimeTracker\js\out-tsc\app\todo\todoList.component.js
C:\Development\Orest\TimeTracker\TimeTracker\js\out-tsc\app\todo\todoList.component.js.map
C:\Development\Orest\TimeTracker\TimeTracker\js\out-tsc\app\app.module.js
C:\Development\Orest\TimeTracker\TimeTracker\js\out-tsc\app\app.module.js.map
C:\Development\Orest\TimeTracker\TimeTracker\js\out-tsc\environments\environment.js
C:\Development\Orest\TimeTracker\TimeTracker\js\out-tsc\environments\environment.js.map
C:\Development\Orest\TimeTracker\TimeTracker\js\out-tsc\main.js
C:\Development\Orest\TimeTracker\TimeTracker\js\out-tsc\main.js.map
C:\Development\Orest\TimeTracker\TimeTracker\js\out-tsc\polyfills.js
C:\Development\Orest\TimeTracker\TimeTracker\js\out-tsc\polyfills.js.map
C:\Development\Orest\TimeTracker\TimeTracker\js\out-tsc\environments\environment.prod.js
C:\Development\Orest\TimeTracker\TimeTracker\js\out-tsc\environments\environment.prod.js.map
C:\Development\Orest\TimeTracker\TimeTracker\js\out-tsc\app\app.component.js
C:\Development\Orest\TimeTracker\TimeTracker\js\out-tsc\app\app.component.js.map
C:\Development\Orest\TimeTracker\TimeTracker\js\out-tsc\app\todo\todoList.component.js
C:\Development\Orest\TimeTracker\TimeTracker\js\out-tsc\app\todo\todoList.component.js.map
C:\Development\Orest\TimeTracker\TimeTracker\js\out-tsc\app\app.module.js
C:\Development\Orest\TimeTracker\TimeTracker\js\out-tsc\app\app.module.js.map
C:\Development\Orest\TimeTracker\TimeTracker\js\out-tsc\environments\environment.js
C:\Development\Orest\TimeTracker\TimeTracker\js\out-tsc\environments\environment.js.map
C:\Development\Orest\TimeTracker\TimeTracker\js\out-tsc\main.js
C:\Development\Orest\TimeTracker\TimeTracker\js\out-tsc\main.js.map
C:\Development\Orest\TimeTracker\TimeTracker\js\out-tsc\polyfills.js
C:\Development\Orest\TimeTracker\TimeTracker\js\out-tsc\polyfills.js.map
C:\Development\Orest\TimeTracker\TimeTracker\js\out-tsc\environments\environment.prod.js
C:\Development\Orest\TimeTracker\TimeTracker\js\out-tsc\environments\environment.prod.js.map
C:\Development\Orest\TimeTracker\TimeTracker\js\out-tsc\app\app.component.js
C:\Development\Orest\TimeTracker\TimeTracker\js\out-tsc\app\app.component.js.map
C:\Development\Orest\TimeTracker\TimeTracker\js\out-tsc\app\todo\todoList.component.js
C:\Development\Orest\TimeTracker\TimeTracker\js\out-tsc\app\todo\todoList.component.js.map
C:\Development\Orest\TimeTracker\TimeTracker\js\out-tsc\app\app.module.js
C:\Development\Orest\TimeTracker\TimeTracker\js\out-tsc\app\app.module.js.map
C:\Development\Orest\TimeTracker\TimeTracker\js\out-tsc\environments\environment.js
C:\Development\Orest\TimeTracker\TimeTracker\js\out-tsc\environments\environment.js.map
C:\Development\Orest\TimeTracker\TimeTracker\js\out-tsc\main.js
C:\Development\Orest\TimeTracker\TimeTracker\js\out-tsc\main.js.map
C:\Development\Orest\TimeTracker\TimeTracker\js\out-tsc\polyfills.js
C:\Development\Orest\TimeTracker\TimeTracker\js\out-tsc\polyfills.js.map
C:\Development\Orest\TimeTracker\TimeTracker\js\out-tsc\environments\environment.prod.js
C:\Development\Orest\TimeTracker\TimeTracker\js\out-tsc\environments\environment.prod.js.map
C:\Development\Orest\TimeTracker\TimeTracker\js\out-tsc\app\app.component.js
C:\Development\Orest\TimeTracker\TimeTracker\js\out-tsc\app\app.component.js.map
C:\Development\Orest\TimeTracker\TimeTracker\js\out-tsc\app\todo\todoList.component.js
C:\Development\Orest\TimeTracker\TimeTracker\js\out-tsc\app\todo\todoList.component.js.map
C:\Development\Orest\TimeTracker\TimeTracker\js\out-tsc\app\app.module.js
C:\Development\Orest\TimeTracker\TimeTracker\js\out-tsc\app\app.module.js.map
C:\Development\Orest\TimeTracker\TimeTracker\js\out-tsc\environments\environment.js
C:\Development\Orest\TimeTracker\TimeTracker\js\out-tsc\environments\environment.js.map
C:\Development\Orest\TimeTracker\TimeTracker\js\out-tsc\main.js
C:\Development\Orest\TimeTracker\TimeTracker\js\out-tsc\main.js.map
C:\Development\Orest\TimeTracker\TimeTracker\js\out-tsc\polyfills.js
C:\Development\Orest\TimeTracker\TimeTracker\js\out-tsc\polyfills.js.map
C:\Development\Orest\TimeTracker\TimeTracker\js\out-tsc\environments\environment.prod.js
C:\Development\Orest\TimeTracker\TimeTracker\js\out-tsc\environments\environment.prod.js.map
C:\Development\Orest\TimeTracker\TimeTracker\js\out-tsc\app\app.component.js
C:\Development\Orest\TimeTracker\TimeTracker\js\out-tsc\app\app.component.js.map
C:\Development\Orest\TimeTracker\TimeTracker\js\out-tsc\app\todo\todoList.component.js
C:\Development\Orest\TimeTracker\TimeTracker\js\out-tsc\app\todo\todoList.component.js.map
C:\Development\Orest\TimeTracker\TimeTracker\js\out-tsc\app\app.module.js
C:\Development\Orest\TimeTracker\TimeTracker\js\out-tsc\app\app.module.js.map
C:\Development\Orest\TimeTracker\TimeTracker\js\out-tsc\environments\environment.js
C:\Development\Orest\TimeTracker\TimeTracker\js\out-tsc\environments\environment.js.map
C:\Development\Orest\TimeTracker\TimeTracker\js\out-tsc\main.js
C:\Development\Orest\TimeTracker\TimeTracker\js\out-tsc\main.js.map
C:\Development\Orest\TimeTracker\TimeTracker\js\out-tsc\polyfills.js
C:\Development\Orest\TimeTracker\TimeTracker\js\out-tsc\polyfills.js.map
C:\Development\Orest\TimeTracker\TimeTracker\js\out-tsc\environments\environment.prod.js
C:\Development\Orest\TimeTracker\TimeTracker\js\out-tsc\environments\environment.prod.js.map
C:\Development\Orest\TimeTracker\TimeTracker\js\out-tsc\app\app.component.js
C:\Development\Orest\TimeTracker\TimeTracker\js\out-tsc\app\app.component.js.map
C:\Development\Orest\TimeTracker\TimeTracker\js\out-tsc\app\todo\todoList.component.js
C:\Development\Orest\TimeTracker\TimeTracker\js\out-tsc\app\todo\todoList.component.js.map
C:\Development\Orest\TimeTracker\TimeTracker\js\out-tsc\app\app.module.js
C:\Development\Orest\TimeTracker\TimeTracker\js\out-tsc\app\app.module.js.map
C:\Development\Orest\TimeTracker\TimeTracker\js\out-tsc\environments\environment.js
C:\Development\Orest\TimeTracker\TimeTracker\js\out-tsc\environments\environment.js.map
C:\Development\Orest\TimeTracker\TimeTracker\js\out-tsc\main.js
C:\Development\Orest\TimeTracker\TimeTracker\js\out-tsc\main.js.map
C:\Development\Orest\TimeTracker\TimeTracker\js\out-tsc\polyfills.js
C:\Development\Orest\TimeTracker\TimeTracker\js\out-tsc\polyfills.js.map
C:\Development\Orest\TimeTracker\TimeTracker\js\out-tsc\environments\environment.prod.js
C:\Development\Orest\TimeTracker\TimeTracker\js\out-tsc\environments\environment.prod.js.map
E:\Orest\Orest\TimeTracker\TimeTracker\js\out-tsc\app\app.component.js
E:\Orest\Orest\TimeTracker\TimeTracker\js\out-tsc\app\app.component.js.map
E:\Orest\Orest\TimeTracker\TimeTracker\js\out-tsc\app\todo\todoList.component.js
E:\Orest\Orest\TimeTracker\TimeTracker\js\out-tsc\app\todo\todoList.component.js.map
E:\Orest\Orest\TimeTracker\TimeTracker\js\out-tsc\app\app.module.js
E:\Orest\Orest\TimeTracker\TimeTracker\js\out-tsc\app\app.module.js.map
E:\Orest\Orest\TimeTracker\TimeTracker\js\out-tsc\environments\environment.js
E:\Orest\Orest\TimeTracker\TimeTracker\js\out-tsc\environments\environment.js.map
E:\Orest\Orest\TimeTracker\TimeTracker\js\out-tsc\main.js
E:\Orest\Orest\TimeTracker\TimeTracker\js\out-tsc\main.js.map
E:\Orest\Orest\TimeTracker\TimeTracker\js\out-tsc\polyfills.js
E:\Orest\Orest\TimeTracker\TimeTracker\js\out-tsc\polyfills.js.map
E:\Orest\Orest\TimeTracker\TimeTracker\js\out-tsc\environments\environment.prod.js
E:\Orest\Orest\TimeTracker\TimeTracker\js\out-tsc\environments\environment.prod.js.map
C:\Development\Orest\Angular\TimeTracker\TimeTracker\js\out-tsc\app\app.component.js
C:\Development\Orest\Angular\TimeTracker\TimeTracker\js\out-tsc\app\app.component.js.map
C:\Development\Orest\Angular\TimeTracker\TimeTracker\js\out-tsc\app\todo\todoList.component.js
C:\Development\Orest\Angular\TimeTracker\TimeTracker\js\out-tsc\app\todo\todoList.component.js.map
C:\Development\Orest\Angular\TimeTracker\TimeTracker\js\out-tsc\app\app.module.js
C:\Development\Orest\Angular\TimeTracker\TimeTracker\js\out-tsc\app\app.module.js.map
C:\Development\Orest\Angular\TimeTracker\TimeTracker\js\out-tsc\environments\environment.js
C:\Development\Orest\Angular\TimeTracker\TimeTracker\js\out-tsc\environments\environment.js.map
C:\Development\Orest\Angular\TimeTracker\TimeTracker\js\out-tsc\main.js
C:\Development\Orest\Angular\TimeTracker\TimeTracker\js\out-tsc\main.js.map
C:\Development\Orest\Angular\TimeTracker\TimeTracker\js\out-tsc\polyfills.js
C:\Development\Orest\Angular\TimeTracker\TimeTracker\js\out-tsc\polyfills.js.map
C:\Development\Orest\Angular\TimeTracker\TimeTracker\js\out-tsc\environments\environment.prod.js
C:\Development\Orest\Angular\TimeTracker\TimeTracker\js\out-tsc\environments\environment.prod.js.map
C:\Development\Orest\Angular\TimeTracker\TimeTracker\js\out-tsc\app\app.component.js
C:\Development\Orest\Angular\TimeTracker\TimeTracker\js\out-tsc\app\app.component.js.map
C:\Development\Orest\Angular\TimeTracker\TimeTracker\js\out-tsc\app\todo\todoList.component.js
C:\Development\Orest\Angular\TimeTracker\TimeTracker\js\out-tsc\app\todo\todoList.component.js.map
C:\Development\Orest\Angular\TimeTracker\TimeTracker\js\out-tsc\app\app.module.js
C:\Development\Orest\Angular\TimeTracker\TimeTracker\js\out-tsc\app\app.module.js.map
C:\Development\Orest\Angular\TimeTracker\TimeTracker\js\out-tsc\environments\environment.js
C:\Development\Orest\Angular\TimeTracker\TimeTracker\js\out-tsc\environments\environment.js.map
C:\Development\Orest\Angular\TimeTracker\TimeTracker\js\out-tsc\main.js
C:\Development\Orest\Angular\TimeTracker\TimeTracker\js\out-tsc\main.js.map
C:\Development\Orest\Angular\TimeTracker\TimeTracker\js\out-tsc\polyfills.js
C:\Development\Orest\Angular\TimeTracker\TimeTracker\js\out-tsc\polyfills.js.map
C:\Development\Orest\Angular\TimeTracker\TimeTracker\js\out-tsc\environments\environment.prod.js
C:\Development\Orest\Angular\TimeTracker\TimeTracker\js\out-tsc\environments\environment.prod.js.map
C:\Development\Orest\Angular\TimeTracker\TimeTracker\js\out-tsc\app\app.component.js
C:\Development\Orest\Angular\TimeTracker\TimeTracker\js\out-tsc\app\app.component.js.map
C:\Development\Orest\Angular\TimeTracker\TimeTracker\js\out-tsc\app\todo\todoList.component.js
C:\Development\Orest\Angular\TimeTracker\TimeTracker\js\out-tsc\app\todo\todoList.component.js.map
C:\Development\Orest\Angular\TimeTracker\TimeTracker\js\out-tsc\app\app.module.js
C:\Development\Orest\Angular\TimeTracker\TimeTracker\js\out-tsc\app\app.module.js.map
C:\Development\Orest\Angular\TimeTracker\TimeTracker\js\out-tsc\environments\environment.js
C:\Development\Orest\Angular\TimeTracker\TimeTracker\js\out-tsc\environments\environment.js.map
C:\Development\Orest\Angular\TimeTracker\TimeTracker\js\out-tsc\main.js
C:\Development\Orest\Angular\TimeTracker\TimeTracker\js\out-tsc\main.js.map
C:\Development\Orest\Angular\TimeTracker\TimeTracker\js\out-tsc\polyfills.js
C:\Development\Orest\Angular\TimeTracker\TimeTracker\js\out-tsc\polyfills.js.map
C:\Development\Orest\Angular\TimeTracker\TimeTracker\js\out-tsc\environments\environment.prod.js
C:\Development\Orest\Angular\TimeTracker\TimeTracker\js\out-tsc\environments\environment.prod.js.map
C:\Development\Orest\Angular\TimeTracker\TimeTracker\js\out-tsc\app\app.component.js
C:\Development\Orest\Angular\TimeTracker\TimeTracker\js\out-tsc\app\app.component.js.map
C:\Development\Orest\Angular\TimeTracker\TimeTracker\js\out-tsc\app\todo\todoList.component.js
C:\Development\Orest\Angular\TimeTracker\TimeTracker\js\out-tsc\app\todo\todoList.component.js.map
C:\Development\Orest\Angular\TimeTracker\TimeTracker\js\out-tsc\app\app.module.js
C:\Development\Orest\Angular\TimeTracker\TimeTracker\js\out-tsc\app\app.module.js.map
C:\Development\Orest\Angular\TimeTracker\TimeTracker\js\out-tsc\environments\environment.js
C:\Development\Orest\Angular\TimeTracker\TimeTracker\js\out-tsc\environments\environment.js.map
C:\Development\Orest\Angular\TimeTracker\TimeTracker\js\out-tsc\main.js
C:\Development\Orest\Angular\TimeTracker\TimeTracker\js\out-tsc\main.js.map
C:\Development\Orest\Angular\TimeTracker\TimeTracker\js\out-tsc\polyfills.js
C:\Development\Orest\Angular\TimeTracker\TimeTracker\js\out-tsc\polyfills.js.map
C:\Development\Orest\Angular\TimeTracker\TimeTracker\js\out-tsc\environments\environment.prod.js
C:\Development\Orest\Angular\TimeTracker\TimeTracker\js\out-tsc\environments\environment.prod.js.map
C:\Development\Orest\Angular\TimeTracker\TimeTracker\js\out-tsc\app\app.component.js
C:\Development\Orest\Angular\TimeTracker\TimeTracker\js\out-tsc\app\app.component.js.map
C:\Development\Orest\Angular\TimeTracker\TimeTracker\js\out-tsc\app\todo\todoList.component.js
C:\Development\Orest\Angular\TimeTracker\TimeTracker\js\out-tsc\app\todo\todoList.component.js.map
C:\Development\Orest\Angular\TimeTracker\TimeTracker\js\out-tsc\app\app.module.js
C:\Development\Orest\Angular\TimeTracker\TimeTracker\js\out-tsc\app\app.module.js.map
C:\Development\Orest\Angular\TimeTracker\TimeTracker\js\out-tsc\environments\environment.js
C:\Development\Orest\Angular\TimeTracker\TimeTracker\js\out-tsc\environments\environment.js.map
C:\Development\Orest\Angular\TimeTracker\TimeTracker\js\out-tsc\main.js
C:\Development\Orest\Angular\TimeTracker\TimeTracker\js\out-tsc\main.js.map
C:\Development\Orest\Angular\TimeTracker\TimeTracker\js\out-tsc\polyfills.js
C:\Development\Orest\Angular\TimeTracker\TimeTracker\js\out-tsc\polyfills.js.map
C:\Development\Orest\Angular\TimeTracker\TimeTracker\js\out-tsc\environments\environment.prod.js
C:\Development\Orest\Angular\TimeTracker\TimeTracker\js\out-tsc\environments\environment.prod.js.map
C:\Development\Orest\Angular\TimeTracker\TimeTracker\js\out-tsc\app\app.component.js
C:\Development\Orest\Angular\TimeTracker\TimeTracker\js\out-tsc\app\app.component.js.map
C:\Development\Orest\Angular\TimeTracker\TimeTracker\js\out-tsc\app\todo\todoList.component.js
C:\Development\Orest\Angular\TimeTracker\TimeTracker\js\out-tsc\app\todo\todoList.component.js.map
C:\Development\Orest\Angular\TimeTracker\TimeTracker\js\out-tsc\app\app.module.js
C:\Development\Orest\Angular\TimeTracker\TimeTracker\js\out-tsc\app\app.module.js.map
C:\Development\Orest\Angular\TimeTracker\TimeTracker\js\out-tsc\environments\environment.js
C:\Development\Orest\Angular\TimeTracker\TimeTracker\js\out-tsc\environments\environment.js.map
C:\Development\Orest\Angular\TimeTracker\TimeTracker\js\out-tsc\main.js
C:\Development\Orest\Angular\TimeTracker\TimeTracker\js\out-tsc\main.js.map
C:\Development\Orest\Angular\TimeTracker\TimeTracker\js\out-tsc\polyfills.js
C:\Development\Orest\Angular\TimeTracker\TimeTracker\js\out-tsc\polyfills.js.map
C:\Development\Orest\Angular\TimeTracker\TimeTracker\js\out-tsc\environments\environment.prod.js
C:\Development\Orest\Angular\TimeTracker\TimeTracker\js\out-tsc\environments\environment.prod.js.map
C:\Development\Orest\Angular\TimeTracker\TimeTracker\js\out-tsc\app\app.component.js
C:\Development\Orest\Angular\TimeTracker\TimeTracker\js\out-tsc\app\app.component.js.map
C:\Development\Orest\Angular\TimeTracker\TimeTracker\js\out-tsc\app\todo\todoList.component.js
C:\Development\Orest\Angular\TimeTracker\TimeTracker\js\out-tsc\app\todo\todoList.component.js.map
C:\Development\Orest\Angular\TimeTracker\TimeTracker\js\out-tsc\app\app.module.js
C:\Development\Orest\Angular\TimeTracker\TimeTracker\js\out-tsc\app\app.module.js.map
C:\Development\Orest\Angular\TimeTracker\TimeTracker\js\out-tsc\environments\environment.js
C:\Development\Orest\Angular\TimeTracker\TimeTracker\js\out-tsc\environments\environment.js.map
C:\Development\Orest\Angular\TimeTracker\TimeTracker\js\out-tsc\main.js
C:\Development\Orest\Angular\TimeTracker\TimeTracker\js\out-tsc\main.js.map
C:\Development\Orest\Angular\TimeTracker\TimeTracker\js\out-tsc\polyfills.js
C:\Development\Orest\Angular\TimeTracker\TimeTracker\js\out-tsc\polyfills.js.map
C:\Development\Orest\Angular\TimeTracker\TimeTracker\js\out-tsc\environments\environment.prod.js
C:\Development\Orest\Angular\TimeTracker\TimeTracker\js\out-tsc\environments\environment.prod.js.map
C:\Development\Orest\Angular\TimeTracker\TimeTracker\js\out-tsc\app\app.component.js
C:\Development\Orest\Angular\TimeTracker\TimeTracker\js\out-tsc\app\app.component.js.map
C:\Development\Orest\Angular\TimeTracker\TimeTracker\js\out-tsc\app\todo\todoList.component.js
C:\Development\Orest\Angular\TimeTracker\TimeTracker\js\out-tsc\app\todo\todoList.component.js.map
C:\Development\Orest\Angular\TimeTracker\TimeTracker\js\out-tsc\app\app.module.js
C:\Development\Orest\Angular\TimeTracker\TimeTracker\js\out-tsc\app\app.module.js.map
C:\Development\Orest\Angular\TimeTracker\TimeTracker\js\out-tsc\environments\environment.js
C:\Development\Orest\Angular\TimeTracker\TimeTracker\js\out-tsc\environments\environment.js.map
C:\Development\Orest\Angular\TimeTracker\TimeTracker\js\out-tsc\main.js
C:\Development\Orest\Angular\TimeTracker\TimeTracker\js\out-tsc\main.js.map
C:\Development\Orest\Angular\TimeTracker\TimeTracker\js\out-tsc\polyfills.js
C:\Development\Orest\Angular\TimeTracker\TimeTracker\js\out-tsc\polyfills.js.map
C:\Development\Orest\Angular\TimeTracker\TimeTracker\js\out-tsc\environments\environment.prod.js
C:\Development\Orest\Angular\TimeTracker\TimeTracker\js\out-tsc\environments\environment.prod.js.map
C:\Development\Orest\Angular\TimeTracker\TimeTracker\js\out-tsc\app\app.component.js
C:\Development\Orest\Angular\TimeTracker\TimeTracker\js\out-tsc\app\app.component.js.map
C:\Development\Orest\Angular\TimeTracker\TimeTracker\js\out-tsc\app\todo\todoList.component.js
C:\Development\Orest\Angular\TimeTracker\TimeTracker\js\out-tsc\app\todo\todoList.component.js.map
C:\Development\Orest\Angular\TimeTracker\TimeTracker\js\out-tsc\app\app.module.js
C:\Development\Orest\Angular\TimeTracker\TimeTracker\js\out-tsc\app\app.module.js.map
C:\Development\Orest\Angular\TimeTracker\TimeTracker\js\out-tsc\environments\environment.js
C:\Development\Orest\Angular\TimeTracker\TimeTracker\js\out-tsc\environments\environment.js.map
C:\Development\Orest\Angular\TimeTracker\TimeTracker\js\out-tsc\main.js
C:\Development\Orest\Angular\TimeTracker\TimeTracker\js\out-tsc\main.js.map
C:\Development\Orest\Angular\TimeTracker\TimeTracker\js\out-tsc\polyfills.js
C:\Development\Orest\Angular\TimeTracker\TimeTracker\js\out-tsc\polyfills.js.map
C:\Development\Orest\Angular\TimeTracker\TimeTracker\js\out-tsc\environments\environment.prod.js
C:\Development\Orest\Angular\TimeTracker\TimeTracker\js\out-tsc\environments\environment.prod.js.map
C:\Development\Orest\Angular\TimeTracker\TimeTracker\js\out-tsc\app\app.component.js
C:\Development\Orest\Angular\TimeTracker\TimeTracker\js\out-tsc\app\app.component.js.map
C:\Development\Orest\Angular\TimeTracker\TimeTracker\js\out-tsc\app\todo\todoList.component.js
C:\Development\Orest\Angular\TimeTracker\TimeTracker\js\out-tsc\app\todo\todoList.component.js.map
C:\Development\Orest\Angular\TimeTracker\TimeTracker\js\out-tsc\app\app.module.js
C:\Development\Orest\Angular\TimeTracker\TimeTracker\js\out-tsc\app\app.module.js.map
C:\Development\Orest\Angular\TimeTracker\TimeTracker\js\out-tsc\environments\environment.js
C:\Development\Orest\Angular\TimeTracker\TimeTracker\js\out-tsc\environments\environment.js.map
C:\Development\Orest\Angular\TimeTracker\TimeTracker\js\out-tsc\main.js
C:\Development\Orest\Angular\TimeTracker\TimeTracker\js\out-tsc\main.js.map
C:\Development\Orest\Angular\TimeTracker\TimeTracker\js\out-tsc\polyfills.js
C:\Development\Orest\Angular\TimeTracker\TimeTracker\js\out-tsc\polyfills.js.map
C:\Development\Orest\Angular\TimeTracker\TimeTracker\js\out-tsc\environments\environment.prod.js
C:\Development\Orest\Angular\TimeTracker\TimeTracker\js\out-tsc\environments\environment.prod.js.map
C:\Development\Orest\Angular\TimeTracker\TimeTracker\js\out-tsc\app\app.component.js
C:\Development\Orest\Angular\TimeTracker\TimeTracker\js\out-tsc\app\app.component.js.map
C:\Development\Orest\Angular\TimeTracker\TimeTracker\js\out-tsc\app\shared\todo.js
C:\Development\Orest\Angular\TimeTracker\TimeTracker\js\out-tsc\app\shared\todo.js.map
C:\Development\Orest\Angular\TimeTracker\TimeTracker\js\out-tsc\app\todo\todoList.component.js
C:\Development\Orest\Angular\TimeTracker\TimeTracker\js\out-tsc\app\todo\todoList.component.js.map
C:\Development\Orest\Angular\TimeTracker\TimeTracker\js\out-tsc\app\todo\todo.component.js
C:\Development\Orest\Angular\TimeTracker\TimeTracker\js\out-tsc\app\todo\todo.component.js.map
C:\Development\Orest\Angular\TimeTracker\TimeTracker\js\out-tsc\app\app.module.js
C:\Development\Orest\Angular\TimeTracker\TimeTracker\js\out-tsc\app\app.module.js.map
C:\Development\Orest\Angular\TimeTracker\TimeTracker\js\out-tsc\environments\environment.js
C:\Development\Orest\Angular\TimeTracker\TimeTracker\js\out-tsc\environments\environment.js.map
C:\Development\Orest\Angular\TimeTracker\TimeTracker\js\out-tsc\main.js
C:\Development\Orest\Angular\TimeTracker\TimeTracker\js\out-tsc\main.js.map
C:\Development\Orest\Angular\TimeTracker\TimeTracker\js\out-tsc\polyfills.js
C:\Development\Orest\Angular\TimeTracker\TimeTracker\js\out-tsc\polyfills.js.map
C:\Development\Orest\Angular\TimeTracker\TimeTracker\js\out-tsc\environments\environment.prod.js
C:\Development\Orest\Angular\TimeTracker\TimeTracker\js\out-tsc\environments\environment.prod.js.map
C:\Development\Orest\Angular\TimeTracker\TimeTracker\js\out-tsc\app\app.component.js
C:\Development\Orest\Angular\TimeTracker\TimeTracker\js\out-tsc\app\app.component.js.map
C:\Development\Orest\Angular\TimeTracker\TimeTracker\js\out-tsc\app\shared\todo.js
C:\Development\Orest\Angular\TimeTracker\TimeTracker\js\out-tsc\app\shared\todo.js.map
C:\Development\Orest\Angular\TimeTracker\TimeTracker\js\out-tsc\app\todo\todoList.component.js
C:\Development\Orest\Angular\TimeTracker\TimeTracker\js\out-tsc\app\todo\todoList.component.js.map
C:\Development\Orest\Angular\TimeTracker\TimeTracker\js\out-tsc\app\todo\todo.component.js
C:\Development\Orest\Angular\TimeTracker\TimeTracker\js\out-tsc\app\todo\todo.component.js.map
C:\Development\Orest\Angular\TimeTracker\TimeTracker\js\out-tsc\app\app.module.js
C:\Development\Orest\Angular\TimeTracker\TimeTracker\js\out-tsc\app\app.module.js.map
C:\Development\Orest\Angular\TimeTracker\TimeTracker\js\out-tsc\environments\environment.js
C:\Development\Orest\Angular\TimeTracker\TimeTracker\js\out-tsc\environments\environment.js.map
C:\Development\Orest\Angular\TimeTracker\TimeTracker\js\out-tsc\main.js
C:\Development\Orest\Angular\TimeTracker\TimeTracker\js\out-tsc\main.js.map
C:\Development\Orest\Angular\TimeTracker\TimeTracker\js\out-tsc\polyfills.js
C:\Development\Orest\Angular\TimeTracker\TimeTracker\js\out-tsc\polyfills.js.map
C:\Development\Orest\Angular\TimeTracker\TimeTracker\js\out-tsc\environments\environment.prod.js
C:\Development\Orest\Angular\TimeTracker\TimeTracker\js\out-tsc\environments\environment.prod.js.map
C:\Development\Orest\Angular\TimeTracker\TimeTracker\js\out-tsc\app\app.component.js
C:\Development\Orest\Angular\TimeTracker\TimeTracker\js\out-tsc\app\app.component.js.map
C:\Development\Orest\Angular\TimeTracker\TimeTracker\js\out-tsc\app\shared\todo.js
C:\Development\Orest\Angular\TimeTracker\TimeTracker\js\out-tsc\app\shared\todo.js.map
C:\Development\Orest\Angular\TimeTracker\TimeTracker\js\out-tsc\app\todo\todoList.component.js
C:\Development\Orest\Angular\TimeTracker\TimeTracker\js\out-tsc\app\todo\todoList.component.js.map
C:\Development\Orest\Angular\TimeTracker\TimeTracker\js\out-tsc\app\todo\todo.component.js
C:\Development\Orest\Angular\TimeTracker\TimeTracker\js\out-tsc\app\todo\todo.component.js.map
C:\Development\Orest\Angular\TimeTracker\TimeTracker\js\out-tsc\app\app.module.js
C:\Development\Orest\Angular\TimeTracker\TimeTracker\js\out-tsc\app\app.module.js.map
C:\Development\Orest\Angular\TimeTracker\TimeTracker\js\out-tsc\environments\environment.js
C:\Development\Orest\Angular\TimeTracker\TimeTracker\js\out-tsc\environments\environment.js.map
C:\Development\Orest\Angular\TimeTracker\TimeTracker\js\out-tsc\main.js
C:\Development\Orest\Angular\TimeTracker\TimeTracker\js\out-tsc\main.js.map
C:\Development\Orest\Angular\TimeTracker\TimeTracker\js\out-tsc\polyfills.js
C:\Development\Orest\Angular\TimeTracker\TimeTracker\js\out-tsc\polyfills.js.map
C:\Development\Orest\Angular\TimeTracker\TimeTracker\js\out-tsc\environments\environment.prod.js
C:\Development\Orest\Angular\TimeTracker\TimeTracker\js\out-tsc\environments\environment.prod.js.map
C:\Development\Orest\Angular\TimeTracker\TimeTracker\js\out-tsc\app\shared\dataService.js
C:\Development\Orest\Angular\TimeTracker\TimeTracker\js\out-tsc\app\shared\dataService.js.map
C:\Development\Orest\Angular\TimeTracker\TimeTracker\js\out-tsc\app\app.component.js
C:\Development\Orest\Angular\TimeTracker\TimeTracker\js\out-tsc\app\app.component.js.map
C:\Development\Orest\Angular\TimeTracker\TimeTracker\js\out-tsc\app\shared\todo.js
C:\Development\Orest\Angular\TimeTracker\TimeTracker\js\out-tsc\app\shared\todo.js.map
C:\Development\Orest\Angular\TimeTracker\TimeTracker\js\out-tsc\app\shared\dataService.js
C:\Development\Orest\Angular\TimeTracker\TimeTracker\js\out-tsc\app\shared\dataService.js.map
C:\Development\Orest\Angular\TimeTracker\TimeTracker\js\out-tsc\app\todo\todoList.component.js
C:\Development\Orest\Angular\TimeTracker\TimeTracker\js\out-tsc\app\todo\todoList.component.js.map
C:\Development\Orest\Angular\TimeTracker\TimeTracker\js\out-tsc\app\todo\todo.component.js
C:\Development\Orest\Angular\TimeTracker\TimeTracker\js\out-tsc\app\todo\todo.component.js.map
C:\Development\Orest\Angular\TimeTracker\TimeTracker\js\out-tsc\app\app.module.js
C:\Development\Orest\Angular\TimeTracker\TimeTracker\js\out-tsc\app\app.module.js.map
C:\Development\Orest\Angular\TimeTracker\TimeTracker\js\out-tsc\environments\environment.js
C:\Development\Orest\Angular\TimeTracker\TimeTracker\js\out-tsc\environments\environment.js.map
C:\Development\Orest\Angular\TimeTracker\TimeTracker\js\out-tsc\main.js
C:\Development\Orest\Angular\TimeTracker\TimeTracker\js\out-tsc\main.js.map
C:\Development\Orest\Angular\TimeTracker\TimeTracker\js\out-tsc\polyfills.js
C:\Development\Orest\Angular\TimeTracker\TimeTracker\js\out-tsc\polyfills.js.map
C:\Development\Orest\Angular\TimeTracker\TimeTracker\js\out-tsc\environments\environment.prod.js
C:\Development\Orest\Angular\TimeTracker\TimeTracker\js\out-tsc\environments\environment.prod.js.map
C:\Development\Orest\Angular\TimeTracker\TimeTracker\js\out-tsc\app\app.component.js
C:\Development\Orest\Angular\TimeTracker\TimeTracker\js\out-tsc\app\app.component.js.map
C:\Development\Orest\Angular\TimeTracker\TimeTracker\js\out-tsc\app\shared\todo.js
C:\Development\Orest\Angular\TimeTracker\TimeTracker\js\out-tsc\app\shared\todo.js.map
C:\Development\Orest\Angular\TimeTracker\TimeTracker\js\out-tsc\app\shared\dataService.js
C:\Development\Orest\Angular\TimeTracker\TimeTracker\js\out-tsc\app\shared\dataService.js.map
C:\Development\Orest\Angular\TimeTracker\TimeTracker\js\out-tsc\app\todo\todoList.component.js
C:\Development\Orest\Angular\TimeTracker\TimeTracker\js\out-tsc\app\todo\todoList.component.js.map
C:\Development\Orest\Angular\TimeTracker\TimeTracker\js\out-tsc\app\todo\todo.component.js
C:\Development\Orest\Angular\TimeTracker\TimeTracker\js\out-tsc\app\todo\todo.component.js.map
C:\Development\Orest\Angular\TimeTracker\TimeTracker\js\out-tsc\app\app.module.js
C:\Development\Orest\Angular\TimeTracker\TimeTracker\js\out-tsc\app\app.module.js.map
C:\Development\Orest\Angular\TimeTracker\TimeTracker\js\out-tsc\environments\environment.js
C:\Development\Orest\Angular\TimeTracker\TimeTracker\js\out-tsc\environments\environment.js.map
C:\Development\Orest\Angular\TimeTracker\TimeTracker\js\out-tsc\main.js
C:\Development\Orest\Angular\TimeTracker\TimeTracker\js\out-tsc\main.js.map
C:\Development\Orest\Angular\TimeTracker\TimeTracker\js\out-tsc\polyfills.js
C:\Development\Orest\Angular\TimeTracker\TimeTracker\js\out-tsc\polyfills.js.map
C:\Development\Orest\Angular\TimeTracker\TimeTracker\js\out-tsc\environments\environment.prod.js
C:\Development\Orest\Angular\TimeTracker\TimeTracker\js\out-tsc\environments\environment.prod.js.map
C:\Development\Orest\Angular\TimeTracker\TimeTracker\js\out-tsc\app\app.component.js
C:\Development\Orest\Angular\TimeTracker\TimeTracker\js\out-tsc\app\app.component.js.map
C:\Development\Orest\Angular\TimeTracker\TimeTracker\js\out-tsc\app\shared\todo.js
C:\Development\Orest\Angular\TimeTracker\TimeTracker\js\out-tsc\app\shared\todo.js.map
C:\Development\Orest\Angular\TimeTracker\TimeTracker\js\out-tsc\app\shared\dataService.js
C:\Development\Orest\Angular\TimeTracker\TimeTracker\js\out-tsc\app\shared\dataService.js.map
C:\Development\Orest\Angular\TimeTracker\TimeTracker\js\out-tsc\app\todo\todoList.component.js
C:\Development\Orest\Angular\TimeTracker\TimeTracker\js\out-tsc\app\todo\todoList.component.js.map
C:\Development\Orest\Angular\TimeTracker\TimeTracker\js\out-tsc\app\todo\todo.component.js
C:\Development\Orest\Angular\TimeTracker\TimeTracker\js\out-tsc\app\todo\todo.component.js.map
C:\Development\Orest\Angular\TimeTracker\TimeTracker\js\out-tsc\app\app.module.js
C:\Development\Orest\Angular\TimeTracker\TimeTracker\js\out-tsc\app\app.module.js.map
C:\Development\Orest\Angular\TimeTracker\TimeTracker\js\out-tsc\environments\environment.js
C:\Development\Orest\Angular\TimeTracker\TimeTracker\js\out-tsc\environments\environment.js.map
C:\Development\Orest\Angular\TimeTracker\TimeTracker\js\out-tsc\main.js
C:\Development\Orest\Angular\TimeTracker\TimeTracker\js\out-tsc\main.js.map
C:\Development\Orest\Angular\TimeTracker\TimeTracker\js\out-tsc\polyfills.js
C:\Development\Orest\Angular\TimeTracker\TimeTracker\js\out-tsc\polyfills.js.map
C:\Development\Orest\Angular\TimeTracker\TimeTracker\js\out-tsc\environments\environment.prod.js
C:\Development\Orest\Angular\TimeTracker\TimeTracker\js\out-tsc\environments\environment.prod.js.map
C:\Development\Orest\Angular\TimeTracker\TimeTracker\js\out-tsc\app\app.component.js
C:\Development\Orest\Angular\TimeTracker\TimeTracker\js\out-tsc\app\app.component.js.map
C:\Development\Orest\Angular\TimeTracker\TimeTracker\js\out-tsc\app\shared\todo.js
C:\Development\Orest\Angular\TimeTracker\TimeTracker\js\out-tsc\app\shared\todo.js.map
C:\Development\Orest\Angular\TimeTracker\TimeTracker\js\out-tsc\app\shared\dataService.js
C:\Development\Orest\Angular\TimeTracker\TimeTracker\js\out-tsc\app\shared\dataService.js.map
C:\Development\Orest\Angular\TimeTracker\TimeTracker\js\out-tsc\app\todo\todoList.component.js
C:\Development\Orest\Angular\TimeTracker\TimeTracker\js\out-tsc\app\todo\todoList.component.js.map
C:\Development\Orest\Angular\TimeTracker\TimeTracker\js\out-tsc\app\todo\todo.component.js
C:\Development\Orest\Angular\TimeTracker\TimeTracker\js\out-tsc\app\todo\todo.component.js.map
C:\Development\Orest\Angular\TimeTracker\TimeTracker\js\out-tsc\app\app.module.js
C:\Development\Orest\Angular\TimeTracker\TimeTracker\js\out-tsc\app\app.module.js.map
C:\Development\Orest\Angular\TimeTracker\TimeTracker\js\out-tsc\environments\environment.js
C:\Development\Orest\Angular\TimeTracker\TimeTracker\js\out-tsc\environments\environment.js.map
C:\Development\Orest\Angular\TimeTracker\TimeTracker\js\out-tsc\main.js
C:\Development\Orest\Angular\TimeTracker\TimeTracker\js\out-tsc\main.js.map
C:\Development\Orest\Angular\TimeTracker\TimeTracker\js\out-tsc\polyfills.js
C:\Development\Orest\Angular\TimeTracker\TimeTracker\js\out-tsc\polyfills.js.map
C:\Development\Orest\Angular\TimeTracker\TimeTracker\js\out-tsc\environments\environment.prod.js
C:\Development\Orest\Angular\TimeTracker\TimeTracker\js\out-tsc\environments\environment.prod.js.map
C:\Development\Orest\Angular\TimeTracker\TimeTracker\js\out-tsc\app\app.component.js
C:\Development\Orest\Angular\TimeTracker\TimeTracker\js\out-tsc\app\app.component.js.map
C:\Development\Orest\Angular\TimeTracker\TimeTracker\js\out-tsc\app\shared\todo.js
C:\Development\Orest\Angular\TimeTracker\TimeTracker\js\out-tsc\app\shared\todo.js.map
C:\Development\Orest\Angular\TimeTracker\TimeTracker\js\out-tsc\app\shared\dataService.js
C:\Development\Orest\Angular\TimeTracker\TimeTracker\js\out-tsc\app\shared\dataService.js.map
C:\Development\Orest\Angular\TimeTracker\TimeTracker\js\out-tsc\app\todo\todoList.component.js
C:\Development\Orest\Angular\TimeTracker\TimeTracker\js\out-tsc\app\todo\todoList.component.js.map
C:\Development\Orest\Angular\TimeTracker\TimeTracker\js\out-tsc\app\todo\todo.component.js
C:\Development\Orest\Angular\TimeTracker\TimeTracker\js\out-tsc\app\todo\todo.component.js.map
C:\Development\Orest\Angular\TimeTracker\TimeTracker\js\out-tsc\app\app.module.js
C:\Development\Orest\Angular\TimeTracker\TimeTracker\js\out-tsc\app\app.module.js.map
C:\Development\Orest\Angular\TimeTracker\TimeTracker\js\out-tsc\environments\environment.js
C:\Development\Orest\Angular\TimeTracker\TimeTracker\js\out-tsc\environments\environment.js.map
C:\Development\Orest\Angular\TimeTracker\TimeTracker\js\out-tsc\main.js
C:\Development\Orest\Angular\TimeTracker\TimeTracker\js\out-tsc\main.js.map
C:\Development\Orest\Angular\TimeTracker\TimeTracker\js\out-tsc\polyfills.js
C:\Development\Orest\Angular\TimeTracker\TimeTracker\js\out-tsc\polyfills.js.map
C:\Development\Orest\Angular\TimeTracker\TimeTracker\js\out-tsc\environments\environment.prod.js
C:\Development\Orest\Angular\TimeTracker\TimeTracker\js\out-tsc\environments\environment.prod.js.map
C:\Development\Orest\Angular\TimeTracker\TimeTracker\js\out-tsc\app\app.component.js
C:\Development\Orest\Angular\TimeTracker\TimeTracker\js\out-tsc\app\app.component.js.map
C:\Development\Orest\Angular\TimeTracker\TimeTracker\js\out-tsc\app\shared\todo.js
C:\Development\Orest\Angular\TimeTracker\TimeTracker\js\out-tsc\app\shared\todo.js.map
C:\Development\Orest\Angular\TimeTracker\TimeTracker\js\out-tsc\app\shared\dataService.js
C:\Development\Orest\Angular\TimeTracker\TimeTracker\js\out-tsc\app\shared\dataService.js.map
C:\Development\Orest\Angular\TimeTracker\TimeTracker\js\out-tsc\app\todo\todoList.component.js
C:\Development\Orest\Angular\TimeTracker\TimeTracker\js\out-tsc\app\todo\todoList.component.js.map
C:\Development\Orest\Angular\TimeTracker\TimeTracker\js\out-tsc\app\todo\todo.component.js
C:\Development\Orest\Angular\TimeTracker\TimeTracker\js\out-tsc\app\todo\todo.component.js.map
C:\Development\Orest\Angular\TimeTracker\TimeTracker\js\out-tsc\app\app.module.js
C:\Development\Orest\Angular\TimeTracker\TimeTracker\js\out-tsc\app\app.module.js.map
C:\Development\Orest\Angular\TimeTracker\TimeTracker\js\out-tsc\environments\environment.js
C:\Development\Orest\Angular\TimeTracker\TimeTracker\js\out-tsc\environments\environment.js.map
C:\Development\Orest\Angular\TimeTracker\TimeTracker\js\out-tsc\main.js
C:\Development\Orest\Angular\TimeTracker\TimeTracker\js\out-tsc\main.js.map
C:\Development\Orest\Angular\TimeTracker\TimeTracker\js\out-tsc\polyfills.js
C:\Development\Orest\Angular\TimeTracker\TimeTracker\js\out-tsc\polyfills.js.map
C:\Development\Orest\Angular\TimeTracker\TimeTracker\js\out-tsc\environments\environment.prod.js
C:\Development\Orest\Angular\TimeTracker\TimeTracker\js\out-tsc\environments\environment.prod.js.map
C:\Development\Orest\Angular\TimeTracker\TimeTracker\js\out-tsc\app\app.component.js
C:\Development\Orest\Angular\TimeTracker\TimeTracker\js\out-tsc\app\app.component.js.map
C:\Development\Orest\Angular\TimeTracker\TimeTracker\js\out-tsc\app\shared\todo.js
C:\Development\Orest\Angular\TimeTracker\TimeTracker\js\out-tsc\app\shared\todo.js.map
C:\Development\Orest\Angular\TimeTracker\TimeTracker\js\out-tsc\app\shared\dataService.js
C:\Development\Orest\Angular\TimeTracker\TimeTracker\js\out-tsc\app\shared\dataService.js.map
C:\Development\Orest\Angular\TimeTracker\TimeTracker\js\out-tsc\app\todo\todoList.component.js
C:\Development\Orest\Angular\TimeTracker\TimeTracker\js\out-tsc\app\todo\todoList.component.js.map
C:\Development\Orest\Angular\TimeTracker\TimeTracker\js\out-tsc\app\todo\todo.component.js
C:\Development\Orest\Angular\TimeTracker\TimeTracker\js\out-tsc\app\todo\todo.component.js.map
C:\Development\Orest\Angular\TimeTracker\TimeTracker\js\out-tsc\app\app.module.js
C:\Development\Orest\Angular\TimeTracker\TimeTracker\js\out-tsc\app\app.module.js.map
C:\Development\Orest\Angular\TimeTracker\TimeTracker\js\out-tsc\environments\environment.js
C:\Development\Orest\Angular\TimeTracker\TimeTracker\js\out-tsc\environments\environment.js.map
C:\Development\Orest\Angular\TimeTracker\TimeTracker\js\out-tsc\main.js
C:\Development\Orest\Angular\TimeTracker\TimeTracker\js\out-tsc\main.js.map
C:\Development\Orest\Angular\TimeTracker\TimeTracker\js\out-tsc\polyfills.js
C:\Development\Orest\Angular\TimeTracker\TimeTracker\js\out-tsc\polyfills.js.map
C:\Development\Orest\Angular\TimeTracker\TimeTracker\js\out-tsc\environments\environment.prod.js
C:\Development\Orest\Angular\TimeTracker\TimeTracker\js\out-tsc\environments\environment.prod.js.map
